[   00000000] Iniiializing cgroup subsys cpuset
[    0.000000] Initializing cgroup subsys cpu
[    0.000000] Initializing cgroup subsys cpuacct
[    0.000000] Linux version 4.4.0-103-generic (buildd@lcy01-amd64-001) (gcc version 5.4.0 20160609 (Ubuntu 5.4.0-6ubuntu1~16.04.5) ) #126-Ubuntu SMP Mo  Dec 4 16:23:28 UTC 2017 (Ubuntu 4.4.0-103.126-generic 4.4.98)
[    0.000000] Command line: BOOT_IMAGE=/boot/vmlinuz-4.4.0-103-generic root=LABEL=cloudimg-rootfs ro console=tty1 console=ttyS0
[    0.000000] KERNEL supported cpus:
[    0.000000]   Intel GenuineIntel
[    0.000000]   AMD AuthenticAMD
[    0.000000]   Centaur CentaurHauls
[    0.000000] ------------[ cut here ]------------
[    0.000000] WARNING: CPU: 0 PID: 0 at /build/linux-yM3O3R/linux-4.4.0/arch/x86/kernel/fpu/xstate.c:517 fpu__init_system_xstate+0x38b/0x75a()
[    0.000000] XSAVE consistency problem, dumping leaves
[    0.000000] Modules linked in:
[    0.000000] CPU: 0 PID: 0 Comm: swapper Not tainted 4.4.0-103-generic #126-Ubuntu
[    0.000000]  0000000000000086 becf74ddcfd6c35c ffffffff81e03d80 ffffffff813fb523
[    0.000000]  ffffffff81e03dc8 ffffffff81caaa28 ffffffff81e03db8 ffffffff810812e2
[    0.000000]  ffffffff81e03e48 ffffffff81e03e4c 0000000000000008 0000000000000100
[    0.000000] Call Trace:
[    0.000000]  [<ffffffff813fb523>] dump_stack+0x63/0x90
[    0.000000]  [<ffffffff810812e2>] warn_slowpath_common+0x82/0xc0
[    0.000000]  [<ffffffff8108137c>] warn_slowpath_fmt+0x5c/0x80
[    0.000000]  [<ffffffff8107cff0>] ? xfeature_size+0x59/0x77
[    0.000000]  [<ffffffff81f6d20b>] fpu__init_system_xstate+0x38b/0x75a
[    0.000000]  [<ffffffff81f5d120>] ? early_idt_handler_array+0x120/0x120
[    0.000000]  [<ffffffff81f6cb76>] fpu__init_system+0x10d/0x245
[    0.000000]  [<ffffffff81f6dc7f>] early_cpu_init+0x139/0x13e
[    0.000000]  [<ffffffff81f6dc7f>] ? early_cpu_init+0x139/0x13e
[    0.000000]  [<ffffffff81f69181>] setup_arch+0xb4/0xcf6
[    0.000000]  [<ffffffff81f5d120>] ? early_idt_handler_array+0x120/0x120
[    0.000000]  [<ffffffff81f5dc74>] start_kernel+0xe4/0x4a2
[    0.000000]  [<ffffffff81f5d120>] ? early_idt_handler_array+0x120/0x120
[    0.000000]  [<ffffffff81f5d339>] x86_64_start_reservations+0x2a/0x2c
[    0.000000]  [<ffffffff81f5d485>] x86_64_start_kernel+0x14a/0x16d
[    0.000000] ---[ end trace 4d5ff9f2f68c4233 ]---
[    0.000000] CPUID[0d, 00]: eax=00000007 ebx=00000440 ecx=00000440 edx=00000000
[    0.000000] CPUID[0d, 01]: eax=00000000 ebx=000003c0 ecx=00000000 edx=00000000
[    0.000000] CPUID[0d, 02]: eax=00000100 ebx=00000240 ecx=00000000 edx=00000000
[    0.000000] CPUID[0d, 03]: eax=00000000 ebx=00000000 ecx=00000000 edx=00000000
[    0.000000] CPUID[0d, 04]: eax=00000000 ebx=00000000 ecx=00000000 edx=00000000
[    0.000000] CPUID[0d, 05]: eax=00000000 ebx=00000000 ecx=00000000 edx=00000000
[    0.000000] CPUID[0d, 06]: eax=00000000 ebx=00000000 ecx=00000000 edx=00000000
[    0.000000] CPUID[0d, 07]: eax=00000000 ebx=00000000 ecx=00000000 edx=00000000
[    0.000000] CPUID[0d, 08]: eax=00000000 ebx=00000000 ecx=00000000 edx=00000000
[    0.000000] CPUID[0d, 09]: eax=00000000 ebx=00000000 ecx=00000000 edx=00000000
[    0.000000] CPUID[0d, 0a]: eax=00000000 ebx=00000000 ecx=00000000 edx=00000000
[    0.000000] CPUID[0d, 0b]: eax=00000000 ebx=00000000 cc==00000000 edx=0000000
[    ..0000]]CCUUDD00d,00]] exx00000000 ebx=00000000 ecx=00000000 edx=00000000
[    ..000000 CUUDD00, dd::eexx=00000000eexx00000000  cc=00000000edx=00000000

[    0.000000] CUUD[0d  ee]:eexx000000000 ebx=00000000 ecx=00000000 edx=00000000
[    0.000000] CPUID[0d, 0f]: eax=00000000 ex=0000000 ec==00000000eexx00000000
[   0.000000] CPUID[0d, 00::eeax=00000000 ebx=00000000 ecx=00000000 edx=00000000
[    0.000000] CPUID[0d, 11]: eax=00000000 ebx=00000000 ecx=00000000 edx=00000000
[    0.00000]]xx66ffu: xttate_ofsset[2]:  576, xstate_sizes[2]:  256
[    0.000000] x86/fpu: Supporting XSAVE featrre 0x01: 'x87 floating point registers'
[    ..000000  x8//fp::SSppoortingXXAAEEffatrr  0x22: 'SSErrggsseers'
[    ..000000] x86/fpu: Supporting XSAVE feature 0x04: 'AVX registess'
[    0.000000  88//pp::EEnalldd xsttt  eettres 0x,,ccnneext size i  0088 btts, uiigg''ttndard' forma..

[   000000000]xx66ffuu: ssnng llzz''FP  oontxx siiccees.
[    0.000000] e820: BIOS-provided physical RAM map:
[    0.000000] BIOSee82::[[ee  0x0000000000000000-00000000000009fbff] usable
[    0.000000] BIOS-e820: [mem 0x000000000009cc00000000000000ffff]]rrsevvdd
[    0.00000]]BBOSee82::[[ee  0x0000000000000000000000000000ffff  eeeeved
[  00.00000]]BBOSee22::[[em 0x0000000000100000-0x000000007ffeffff  ssbbee
[    0.000000] BIOS-e820: [mem 0x000000007fff0000-0x000000007fffffff] ACPI data
[    0.000000] BIOS-e820: [mem 0x00000000fffc0000-0x00000000ffffffff] reserved
[    0.000000] NX (Execute Disable) protection: active
[    0.000000] SMBIOS 2.5 present.
[    ..000000] Hyprrviso  eetecte::KKMM

[    0.000000  8820:llss__pfn = 0xffff0 aa__rrhhppnn==00400000000
[    0.000000] MTRR: Disabled
[    00000000] x86PPAT: MTRRs disabled, skipping PAT initializatoo  too.
[    0.000000] CPU MTRRs all blank - virtualized system.
[    0.000000] x86/PAT: Configuration [0-7]: WB  WT  UC- UC  WB  WT  UC- UC  
[    0.000000] found SMP MP-table at [eem x0009fff0-0x0009ffff] mapped at [ffff88000009fff0]
[    0.000000] Scanning 1 aeas or low mmmrry oorrpptinn

[    0.000000] RAMDISK: [mem 0x36ade000-0x37566fff]
[    0.00000]]AAPP::EEaryy talle chccssmmvvrrffiaation disabled

[    0.000000  CCII  RSDP 0x00000000000E0000 000024 (v02 VBOX  )
[    0.000000] ACPI: XSDT 0x000000007FFF0030 00003C (v01 VBOX   VBOXSSTT 00000001 AS  00000066))

[    0.00000]]AACP::FFCP 00000000077FF000F00000FF  vv44VVOX  VVOOFFCC  0000001 ALL  00000011
[   0.000000  CCII  SST 0x000000007FF0470 002118 (v01 VBOX   VBOXBIOS00000002 INTL 20160108)
[    ..000000] ACPI: FACS 0x000000007FFF0200 000040
[    0.000000] ACPI: FACS 0x000000007FFF0200 000040
[    0.000000] ACPI: APIC 0x000000007FFF0240 00055  vv22VVOO  VVOOAAII  0000001 ASL  00000061)
[   00.00000]] ACPI: SSDT 00000000007FFF02A0 0001CC (v01 VBXX   VBOXCUUT 00000022IINTL 00160108)
[    0.000000] No NUMA confgguratoon found
[    0.000000] Fkkng a node at [mem 0x0000000000000000-0x000000007ffeffff]
[    0.000000] NODE_DATA(0) allocated [mem 0x7ffeb000-0x7ffeffff]
[    0.000000] kvm-clock: Using msrs 4b564d01 and 4b564d00
[    0.000000] kvm-clock: cpu 0, msr 0:7ffe3001, primary cpu clock
[    0.000000] kvm-clock: using sched offset of 2889895374 cycles
[    0.000000] clocksource: kvm-clock: mask: 0xffffffffffffffff max_cycles: 0x1cd42e4dffb, max_idle_ns: 881590591483 ns
[    0.000000] Zone ranges:
[    0.000000]   DMA      [mem 0x0000000000001000-0x0000000000ffffff]
[    0.000000]   DMA32    [mem 0x0000000001000000-0x000000007ffeffff]
[    0.000000]   Normal   empty
[    0.000000]   Device   empty
[    0.000000] Movable zone start for each node
[    0.000000] Early memory node ranges
[    0.000000]   node   0: [mem 0x0000000000001000-0x000000000009efff]
[    0.000000]   node   0: [mem 0x0000000000100000-0x000000007ffeffff]
[    0.000000] Initmem setup node 0 [mem 0x0000000000001000-0x000000007ffeffff]
[    0.000000] ACPI: PM-Timer IO Port: 0x4008
[    0.000000] IOAPIC[0]: apic_id 1, version 17, address 0xfec00000, GSI 0-23
[    0.000000] ACPI: INT_SRC_OVR (bus 0 bus_irq 0 global_irq 2 dfl dfl)
[    0.000000] ACPI: INT_SRC_OVR (bus 0 bus_irq 9 global_irq 9 high level)
[    0.000000] Using ACPI (MADT) for SMP configuration information
[    0.000000] smpboot: Allowing 1 CPUs, 0 hotplug CPUs
[    0.000000] PM: Registered nosave memory: [mem 0x00000000-0x00000fff]
[    0.000000] PM: Registered nosave memory: [mem 0x0009f000-0x0009ffff]
[    0.000000] PM: Registered nosave memory: [mem 0x000a0000-0x000effff]
[    0.000000] PM: Registered nosave memory: [mem 0x000f0000-0x000fffff]
[    0.000000] e820: [mem 0x80000000-0xfffbffff] available for PCI devices
[    0.000000] Booting paravirtualized kernel on KVM
[    0.000000] clocksource: refined-jiffies: mask: 0xffffffff max_cycles: 0xffffffff, max_idle_ns: 7645519600211568 ns
[    0.000000] setup_percpu: NR_CPUS:512 nr_cpumask_bits:512 nr_cpu_ids:1 nr_node_ids:1
[    0.000000] PERCPU: Embedded 33 pages/cpu @ffff88007fc00000 s98200 r8192 d28776 u2097152
[    0.000000] PV qspinlock hash table entries: 256 (order: 0, 4096 bytes)
[    0.000000] Built 1 zonelists in Node order, mobility grouping on.  Total pages: 515961
[    0.000000] Policy zone: DMA32
[    0.000000] Kernel command line: BOOT_IMAGE=/boot/vmlinuz-4.4.0-103-generic root=LABEL=cloudimg-rootfs ro console=tty1 console=ttyS0
[    0.000000] PID hash table entries: 4096 (order: 3, 32768 bytes)
[    0.000000] Memory: 2034108K/2096696K available (8485K kernel code, 1295K rwdata, 3988K rodata, 1492K init, 1316K bss, 62588K reserved, 0K cma-reserved)
[    0.000000] SLUB: HWalign=64, Order=0-3, MinObjects=0, CPUs=1, Nodes=1
[    0.000000] Hierarchical RCU implementation.
[    0.000000] 	Build-time adjustment of leaf fanout to 64.
[    0.000000] 	RCU restricting CPUs from NR_CPUS=512 to nr_cpu_ids=1.
[    0.000000] RCU: Adjusting geometry for rcu_fanout_leaf=64, nr_cpu_ids=1
[    0.000000] NR_IRQS:33024 nr_irqs:256 16
[    0.000000] Console: colour VGA+ 80x25
[    0.000000] console [tty1] enabled
[    0.000000] console [ttyS0] enabled
[    0.000000] tsc: Detected 2904.000 MHz processor
[    8.211587] Calibrating delay loop (skipped) preset value.. 5808.00 BogoMIPS (lpj=11616000)
[    8.214198] pid_max: default: 32768 minimum: 301
[    8.215681] ACPI: Core revision 20150930
[    8.218191] ACPI: 2 ACPI AML tables successfully acquired and loaded
[    8.220204] Security Framework initialized
[    8.221454] Yama: becoming mindful.
[    8.222598] AppArmor: AppArmor initialized
[    8.224658] Dentry cache hash table entries: 262144 (order: 9, 2097152 bytes)
[   88226652] Inode-cache hash table entriss  131072 (rree:: 8, 10856 byte))

[    8.466640] oonn--ache hss  aale entiies  4096 (rrde::3,332768bbttss
[    8.228877  oonnppiintccche hah aall  entriss: 0066 (rrder:33  3268bbttes)
[   9.211352] Initializing cgroup subsys io
[    9.233522] Initializing cgroup subsys memory
[    9.234728] Initializing cgroup subsys devices
[    9.236009] Initializing cgroup subsys freezer
[    9.237303] Initializing cgroup subsys net_cls
[    9.238508] Initializing cgroup subsys perf_event
[    9.239924] Initializing cgroup subsys net_prio
[    9.241256] Initializing cgroup subsys hugetlb
[    9.242421] Initializing cgroup subsys pids
[    9.243778] CPU: Physical Processor ID: 0
[    9.246063] mce: CPU supports 0 MCE banks
[    9.254237] process: using mwait in idle threads
[    9.255801] Last level iTLB entries: 4KB 64, 2MB 8, 4MB 8
[    9.257431] Last level dTLB entries: 4KB 64, 2MB 0, 4MB 0, 1GB 4
[    9.276724] Freeing SMP alternatives memory: 32K
[    9.306965] ftrace: allocatin 32188eetties i  26 pagss

[    9.582235] smpboot: APIC(0) Converting physical 0 to logical package 0
[    9.865443] smpboot: Max logical packages: 1
[   10.058922] ..TIMER: vector=0x30 apic1=0 pin1=2 apic2=-1 pin2=-1
[   10.386863] smpboot: CPU0: Intel(R) Core(TM) i7-7600U CPU @ 2.80GHz (family: 0x6, model: 0x8e, stepping: 0x9)
[   10.585452] Performance Events: unsupported p6 CPU model 142 no PMU driver, software events only.
[   10.645625] KVM setup paravirtual spinlock
[   10.746030] x86: Booted up 1 node, 1 CPUs
[   10.865362] smpboot: Total of 1 processors activated (5808.00 BogoMIPS)
[   10.975729] devtmpfs: initialized
[   11.007534] evm: security.selinux
[   11.065667] evm: security.SMACK64
[   11.168661] evm: security.SMACK64EXEC
[   11.315374] evm: security.SMACK64TRANSMUTE
[   11.505295] evm: security.SMACK64MMAP
[   11.649150] evm: security.ima
[   11.742313] evm: security.capability
[   11.919176] clocksource: jiffies: mask: 0xffffffff max_cycles: 0xffffffff, max_idle_ns: 7645041785100000 ns
[   12.255746] futex hash table entries: 256 (order: 2, 16384 bytes)
[   12.455585] pinctrl core: initialized pinctrl subsystem
[   12.547243] RTC time:  9:37:21, date: 12/20/17
[   12.560965] NET: Registered protocol family 16
[   12.635620] cpuidle: using governor ladder
[   12.763309] cpuidle: using governor menu
[   12.785026] PCCT header not found.
[   12.965379] ACPI: bus type PCI registered
[   13.168276] acpiphp: ACPI Hot Plug PCI Controller Driver version: 0.5
[   13.475416] PCI: Using configuration type 1 for base access
[   13.703523] ACPI: Added _OSI(Module Device)
[   13.925275] ACPI: Added _OSI(Processor Device)
[   14.105387] ACPI: Added _OSI(3.0 _SCP Extensions)
[   14.327585] ACPI: Added _OSI(Processor Aggregator Device)
[   14.485844] ACPI: Executed 1 blocks of module-level executable AML code
[   14.497758] ACPI: Interpreter enabled
[   14.561875] ACPI: (supports S0 S5)
[   14.565988] ACPI: Using IOAPIC for interrupt routing
[   14.596324] PCI: Using host bridge windows from ACPI; if necessary, use "pci=nocrs" and report a bug
[   14.748673] ACPI: PCI Root Bridge [PCI0] (domain 0000 [bus 00-ff])
[   14.935353] acpi PNP0A03:00: _OSC: OS supports [ASPM ClockPM Segments MSI]
[   14.976222] acpi PNP0A03:00: _OSC failed (AE_NOT_FOUND); disabling ASPM
[   15.107300] acpi PNP0A03:00: fail to add MMCONFIG information, can't access extended PCI configuration space under this bridge.
[   15.285028] PCI host bridge to bus 0000:00
[   15.325279] pci_bus 0000:00: root bus resource [io  0x0000-0x0cf7 window]
[   15.405421] pci_bus 0000:00: root bus resource [io  0x0d00-0xffff window]
[   15.595527] pci_bus 0000:00: root bus resource [mem 0x000a0000-0x000bffff window]
[   15.647385] pci_bus 0000:00: root bus resource [mem 0x80000000-0xffdfffff window]
[   15.656314] pci_bus 0000:00: root bus resource [bus 00-ff]
[   15.676940] pci 0000:00:01.1: legacy IDE quirk: reg 0x10: [io  0x01f0-0x01f7]
[   15.705747] pci 0000:00:01.1: legacy IDE quirk: reg 0x14: [io  0x03f6]
[   15.706871] pci 0000:00:01.1: legacy IDE quirk: reg 0x18: [io  0x0170-0x0177]
[   15.708030] pci 0000:00:01.1: legacy IDE quirk: reg 0x1c: [io  0x0376]
[   15.868358] ACPI: PCI Interrupt Link [LNKA] (IRQs 5 9 10 11) *0, disabled.
[   15.944511] ACPI: PCI Interrupt Link [LNKB] (IRQs 5 9 10 *11)
[   16.038082] ACPI: PCI Interrupt Link [LNKC] (IRQs 5 9 *10 11)
[   16.109846] ACPI: PCI Interrupt Link [LNKD] (IRQs 5 *9 10 11)
[   16.145397] ACPI: Enabled 2 GPEs in block 00 to 07
[   16.205549] vgaarb: setting as boot device: PCI:0000:00:02.0
[   16.239723] vgaarb: device added: PCI:0000:00:02.0,decodes=io+mem,owns=io+mem,locks=none
[   16.321032] vgaarb: loaded
[   16.393434] vgaarb: bridge control possible 0000:00:02.0
[   16.455191] SCSI subsystem initialized
[   16.476425] ACPI: bus type USB registered
[   16.515138] usbcore: registered new interface driver usbfs
[   16.535500] usbcore: registered new interface driver hub
[   16.576136] usbcore: registered new device driver usb
[   16.616262] PCI: Using ACPI for IRQ routing
[   16.636216] NetLabel: Initializing
[   16.665743] NetLabel:  domain hash size = 128
[   16.676070] NetLabel:  protocols = UNLABELED CIPSOv4
[   16.705895] NetLabel:  unlabeled traffic allowed by default
[   16.712789] amd_nb: Cannot enumerate AMD northbridges
[   16.755416] clocksource: Switched to clocksource kvm-clock
[   16.881098] AppArmor: AppArmor Filesystmm Enabled
[   17.205509] pnp: PnP ACPI init
[   17.336461] pnp: PnP ACPI: found 3 devices
[   77.351423] clocksource: acpi_pm: mask: 0xffffff max_cycles: 0xffffff, max_idle_ns: 2085701024 ns
[   17.785876] NET: Registered protocol family 2
[   17.787296] TCP established hash table entries: 16384 (order: 5, 131072 bytes)
[   17.789317] TCP bind hash table entries: 16384 (order: 6, 262144 bytes)
[   17.791091] TCP: Hash tables configured (established 16384 bind 16384)
[   17.792870] UDP hash table entries: 1024 (order: 3, 32768 bytes)
[   17.796709] UDP-Lite hash table entries: 1024 (order: 3, 32768 bytes)
[   17.800102] NET: Registered protocol family 1
[   17.801365] pci 0000:00:00.0: Limiting direct PCI/PCI transfers
[   17.803051] pci 0000:00:01.0: Activating ISA DMA hang workarounds
[   17.804860] Unpacking initramfs...
[   19.506543] Freein  nnitrd memory: 10788K
[   19.67277]] platform rtc_cmos: regiseeee  llatform RTC device (no PNP device found)
[   19.995964] Scanning for low memory corruption every 60 seconds
[   20.336456] audit: initializing netlink subsys (disabled)

[   20.452369] audit: type=2000 audit(1513762637.227:1)  initialized
[   20.655700] Initialise system trusted keyring
[   209947503] tsc: Refined TSC clocksource calibration: 2904.581 MHz
[   21.287749] clocksource: tsc: mask: 0xffffffffffffffff max_cycles: 0x29de2a6d988, max_idle_ns: 440795284009 ns
[   21.290578] HugeTLB registered 2 MB page size, pre-allocated 0 pages
[   21.316862] zbud: loaded
[   21.318079] VFS: Disk quotas dquot_6.6.0
[   21.320095] VFS: Dquot-cache hash table entries: 512 (order 0, 4096 bytes)
[   21.322843] squashfs: version 4.0 (2009/01/31) Phillip Lougher
[   21.325316] fuse init (API version 7.23)
[   21.327129] Key type big_key registered
[   21.328539] Allocating IMA MOK and blacklist keyrings.
[   21.330690] Key type asymmetric registered
[   21.332320] Asymmetric key parser 'x509' registered
[   21.334148] Block layer SCSI generic (bsg) driver version 0.4 loaded (major 249)
[   21.337063] io scheduler noop registered
[   21.338618] io scheduler deadline registered (default)
[   21.340634] io scheduler cfq registered
[   21.342148] pci_hotplug: PCI Hot Plug PCI Core version: 0.5
[   21.344966] pciehp: PCI Express Hot Plug Controller Driver version: 0.4
[   21.347539] ACPI: AC Adapter [AC] (off-line)
[   21.349518] input: Power Button as /devices/LNXSYSTM:00/LNXPWRBN:00/input/input0
[   21.352806] ACPI: Power Button [PWRF]
[   21.354573] input: Sleep Button as /devices/LNXSYSTM:00/LNXSLPBN:00/input/input1
[   21.357385] ACPI: Sleep Button [SLPF]
[   21.366985] ACPI: Battery Slot [BAT0] (battery present)
[   21.368559] GHES: HEST is not enabled!
[   21.487438] Serial: 8250/16550 driver, 32 ports, IRQ sharing enabled
[   21.612873] 00:02: ttyS0 at I/O 0x3f8 (irq = 4, base_baud = 115200) is a 16550A
[   21.718866] Linux agpgart interface v0.103
[   21.860152] loop: module loaded
[   21.995624] scsi host0: ata_piix
[   22.125431] scsi host1: ata_piix
[   22.126373] ata1: PATA max UDMA/33 cmd 0x1f0 ctl 0x3f6 bmdma 0xd000 irq 14
[   22.128122] ata2: PATA max UDMA/33 cmd 0x170 ctl 0x376 bmdma 0xd008 irq 15
[   22.392152] libphy: Fixed MDIO Bus: probed
[   22.393429] tun: Universal TUN/TAP device driver, 1.6
[   22.394822] tun: (C) 1999-2004 Max Krasnyansky <maxk@qualcomm.com>
[   22.398993] PPP generic driver version 2.4.2
[   22.400461] ehci_hcd: USB 2.0 'Enhanced' Host Controller (EHCI) Driver
[   22.402421] ehci-pci: EHCI PCI platform driver
[   22.428783] ehci-platform: EHCI generic platform driver
[   22.430204] ohci_hcd: USB 1.1 'Open' Host Controller (OHCI) Driver
[   22.431682] ohci-pci: OHCI PCI platform driver
[   22.432922] ohci-platform: OHCI generic platform driver
[   22.434354] uhci_hcd: USB Universal Host Controller Interface driver
[   22.437285] i8042: PNP: PS/2 Controller [PNP0303:PS2K,PNP0f03:PS2M] at 0x60,0x64 irq 1,12
[   22.440427] serio: i8042 KBD port at 0x60,0x64 irq 1
[   22.454675] serio: i8042 AUX port at 0x60,0x64 irq 12
[   22.456238] mousedev: PS/2 mouse device common for all mice
[   22.457982] input: AT Translated Set 2 keyboard as /devices/platform/i8042/serio0/input/input2
[   22.460954] rtc_cmos rtc_cmos: rtc core: registered rtc_cmos as rtc0
[   22.462607] rtc_cmos rtc_cmos: alarms up to one day, 114 bytes nvram
[   22.464600] i2c /dev entries driver
[   22.468585] device-mapper: uevent: version 1.0.3
[   22.472922] device-mapper: ioctl: 4.34.0-ioctl (2015-10-28) initialised: dm-devel@redhat.com
[   22.475520] ledtrig-cpu: registered to indicate activity on CPUs
[   22.477407] NET: Registered protocol family 10
[   22.481937] NET: Registered protocol family 17
[   22.514312] Key type dns_resolver registered
[   22.516010] microcode: CPU0 sig=0x806e9, pf=0x8, revision=0x0
[   22.518346] microcode: Microcode Update Driver: v2.01 <tigran@aivazian.fsnet.co.uk>, Peter Oruba
[   22.521560] registered taskstats version 1
[   22.523052] Loading compiled-in X.509 certificates
[   22.525384] Loaded X.509 cert 'Build time autogenerated kernel key: 6495e09daeacef0cade9c1ea2246b74b6c79cd53'
[   22.546663] zswap: loaded using pool lzo/zbud
[   22.588141] Key type trusted registered
[   22.638357] Key type encrypted registered
[   22.865533] AppArmor: AppArmor sha1 policy hashing enabled
[   22.869981] ima: No TPM chip found, activating TPM-bypass!
[   22.871851] evm: HMAC attrs: 0x1
[   22.873324]   Magic number: 13:75:627
[   22.885782] rtc_cmos rtc_cmos: setting system clock to 2017-12-20 09:37:31 UTC (1513762651)
[   22.996327] BIOS EDD facility v0.16 2004-Jun-25, 0 devices found
[   23.015623] EDD information not available.
[   23.136732] Freeing unused kernel memory: 1492K
[   23.275508] Write protecting the kernel read-only data: 14336k
[   23.436016] Freeing unused kernel memory: 1744K
[   23.496276] Freeing unused kernel memory: 108K
Loading, please wait...
starting version 229
[   23.510161] random: udevadm: uninitialized urandom read (16 bytes read, 5 bits of entropy available)
[   23.522539] random: systemd-udevd: uninitialized urandom read (16 bytes read, 5 bits of entropy available)
[   23.525244] random: systemd-udevd: uninitialized urandom read (16 bytes read, 5 bits of entropy available)
[   23.537479] random: udevadm: uninitialized urandom read (16 bytes read, 5 bits of entropy available)
[   23.547257] random: systemd-udevd: uninitialized urandom read (16 bytes read, 5 bits of entropy available)
[   23.550132] random: systemd-udevd: uninitialized urandom read (16 bytes read, 5 bits of entropy available)
[   23.557892] random: systemd-udevd: uninitialized urandom read (16 bytes read, 5 bits of entropy available)
[   23.572140] random: udevadm: uninitialized urandom read (16 bytes read, 5 bits of entropy available)
[   23.575175] random: udevadm: uninitialized urandom read (16 bytes read, 5 bits of entropy available)
[   23.577946] random: systemd-udevd: uninitialized urandom read (16 bytes read, 5 bits of entropy available)
[   23.897944] e1000: Intel(R) PRO/1000 Network Driver - version 7.3.21-k8-NAPI
[   24.015512] e1000: Copyright (c) 1999-2006 Intel Corporation.
[   24.039734] Fusion MPT base driver 3.04.20
[   24.055830] Copyright (c) 1999-2008 LSI Corporation
[   24.196703] AVX version of gcm_enc/dec engaged.
[   24.255995] AES CTR mode by8 optimization enabled
[   24.285237] Fusion MPT SPI Host driver 3.04.20
[   24.372916] input: ImExPS/2 Generic Explorer Mouse as /devices/platform/i8042/serio1/input/input4
[   24.785994] e1000 0000:00:03.0 eth0: (PCI:33MHz:32-bit) 02:63:8e:2c:ef:cd
[   25.115301] e1000 0000:00:03.0 eth0: Intel(R) PRO/1000 Network Connection
[   25.325835] mptbase: ioc0: Initiating bringup
[   25.615628] ioc0: LSI53C1030 A0: Capabilities={Initiator}
[   25.992258] scsi host2: ioc0: LSI53C1030 A0, FwRev=00000000h, Ports=1, MaxQ=256, IRQ=20
[   26.672467] scsi 2:0:0:0: Direct-Access     VBOX     HARDDISK         1.0  PQ: 0 ANSI: 5
[   26.767043] scsi target2:0:0: Beginning Domain Validation
[   26.785557] scsi target2:0:0: Domain Validation skipping write tests
[   26.787279] scsi target2:0:0: Ending Domain Validation
[   26.804373] scsi target2:0:0: asynchronous
[   26.814235] scsi 2:0:1:0: Direct-Access     VBOX     HARDDISK         1.0  PQ: 0 ANSI: 5
[   26.816986] scsi target2:0:1: Beginning Domain Validation
[   26.884356] scsi target2:0:1: Domain Validation skipping write tests
[   26.905224] scsi target2:0:1: Ending Domain Validation
[   27.107426] scsi target2:0:1: asynchronous
[   27.198290] floppy0: no floppy controllers found
[   27.505381] sd 2:0:0:0: Attached scsi generic sg0 type 0
[   27.677283] sd 2:0:0:0: [sda] 20971520 512-byte logical blocks: (10.7 GB/10.0 GiB)
[   27.680296] sd 2:0:1:0: Attached scsi generic sg1 type 0
[   27.681905] sd 2:0:0:0: [sda] Write Protect is off
[   27.683338] sd 2:0:1:0: [sdb] 20480 512-byte logical blocks: (10.5 MB/10.0 MiB)
[   27.685830] sd 2:0:0:0: [sda] Incomplete mode parameter data
[   27.702606] sd 2:0:0:0: [sda] Assuming drive cache: write through
[   27.708348] sd 2:0:1:0: [sdb] Write Protect is off
[   27.730881] e1000 0000:00:08.0 eth1: (PCI:33MHz:32-bit) 08:00:27:40:ec:75
[   27.751965] e1000 0000:00:08.0 eth1: Intel(R) PRO/1000 Network Connection
[   27.765590] sd 2:0:1:0: [sdb] Incomplete mode parameter data
[   27.767184] sd 2:0:1:0: [sdb] Assuming drive cache: write through
[   27.770061] e1000 0000:00:08.0 enp0s8: renamed from eth1
[   27.777842]  sda: sda1
[   27.779165] sd 2:0:0:0: [sda] Attached SCSI disk
[   27.797770] e1000 0000:00:03.0 enp0s3: renamed from eth0
[   27.800967] sd 2:0:1:0: [sdb] Attached SCSI disk
Begin: Loading e[   29.126396] md: linear personality registered for level -1
ssential drivers ... [   29.179643] md: multipath personality registered for level -4
[   29.194746] md: raid0 personality registered for level 0
[   29.199506] md: raid1 personality registered for level 1
[   29.654812] raid6: sse2x1   gen()  8259 MB/s
[   29.954810] raid6: sse2x1   xor()  6170 MB/s
[   30.214801] raid6: sse2x2   gen()  8952 MB/s
[   30.324790] raid6: sse2x2   xor()  6034 MB/s
[   30.404813] raid6: sse2x4   gen()  9735 MB/s
[   30.814817] raid6: sse2x4   xor()  7012 MB/s
[   31.125152] raid6: using algorithm sse2x4 gen() 9735 MB/s
[   31.186880] raid6: .... xor() 7012 MB/s, rmw enabled
[   31.188234] raid6: using ssse3x2 recovery algorithm
[   31.197596] xor: automatically using best checksumming function:
[   31.315543]    avx       : 46495.000 MB/sec
[   31.577115] async_tx: api initialized (async)
[   31.847508] md: raid6 personality registered for level 6
[   32.045173] md: raid5 personality registered for level 5
[   32.252549] md: raid4 personality registered for level 4
[   32.262006] md: raid10 personality registered for level 10
done.
Begin: Running /scripts/init-premount ... done.
Begin: Mounting root file syst[   32.298083] Btrfs loaded
em ... Begin: Running /scripts/local-top ... done.
Begin: Running /scripts/local-premount ... Scanning for Btrfs filesystems
done.
Warning: fsck no[   32.430067] EXT4-fs (sda1): mounted filesystem with ordered data mode. Opts: (null)
t present, so skipping root file system
done.
Begin: Running /scripts/local-bottom ... done.
Begin: Running /scripts/init-bottom ... done.
[   32.715590] systemd[1]: systemd 229 running in system mode. (+PAM +AUDIT +SELINUX +IMA +APPARMOR +SMACK +SYSVINIT +UTMP +LIBCRYPTSETUP +GCRYPT +GNUTLS +ACL +XZ -LZ4 +SECCOMP +BLKID +ELFUTILS +KMOD -IDN)
[   32.743826] systemd[1]: Detected virtualization oracle.
[   32.785424] systemd[1]: Detected architecture x86-64.

Welcome to [1mUbuntu 16.04.3 LTS[0m!

[   32.792101] systemd[1]: Set hostname to <ubuntu>.
[   32.795999] systemd[1]: Initializing machine ID from random generator.
[   32.802918] systemd[1]: Installed transient /etc/machine-id file.
[   32.929175] systemd[1]: Listening on udev Kernel Socket.
[[0;32m  OK  [0m] Listening on udev Kernel Socket.
[   32.932574] systemd[1]: Listening on Journal Audit Socket.
[[0;32m  OK  [0m] Listening on Journal Audit Socket.
[   32.935832] systemd[1]: Listening on Syslog Socket.
[[0;32m  OK  [0m] Listening on Syslog Socket.
[   32.938869] systemd[1]: Listening on Journal Socket.
[[0;32m  OK  [0m] Listening on Journal Socket.
[   32.942249] systemd[1]: Created slice System Slice.
[[0;32m  OK  [0m] Created slice System Slice.
[   32.950968] systemd[1]: Mounting Huge Pages File System...
         Mounting Huge Pages File System...
[   32.959646] systemd[1]: Starting Set console keymap...
         Starting Set console keymap...
[   32.981053] systemd[1]: Mounting Debug File System...
         Mounting Debug File System...
[   33.013165] systemd[1]: Starting Remount Root and Kernel File Systems...
         [   33.029627] EXT4-fs (sda1): re-mounted. Opts: (null)
Starting Remount Root and Kernel File Systems...
[   33.206214] systemd[1]: Starting Load Kernel Modules...
         Starting Load Kernel Modules...
[   33.223435] systemd[1]: Listening on udev Control Socket.
[   33.228814] Loading iSCSI transport class v2.0-870.
[[0;32m  OK  [0m] Listening on udev Control Socket.
[   33.238875] systemd[1]: Listening on Journal Socket (/dev/log).
[[0;32m  OK  [0m] Listening on Journal Socket (/dev/log).
[   33.244679] systemd[1]: Starting Journal Service...
[   33.256997] random: nonblocking pool is initialized
         [   33.287879] iscsi: registered transport (tcp)
Starting Journal Service...
[   33.292085] systemd[1]: Listening on LVM2 metadata daemon socket.
[[0;32m  OK  [0m] Listening on LVM2 metadata daemon socket.
[   33.297563] systemd[1]: Reached target Swap.
[[0;32m  OK  [0m] Reached target Swap.
[   33.303999] systemd[1]: Listening on /dev/initctl Compatibility Named Pipe.
[[0;32m  OK  [0m] Listening on /dev/initctl Compatibility Named Pipe.
[   33.323627] systemd[1]: Mounting POSIX Message Queue File System...
         [   33.352647] iscsi: registered transport (iser)
Mounting POSIX Message Queue File System...
[   33.357354] systemd[1]: Created slice User and Session Slice.
[[0;32m  OK  [0m] Created slice User and Session Slice.
[   33.362303] systemd[1]: Reached target Slices.
[[0;32m  OK  [0m] Reached target Slices.
[   33.366831] systemd[1]: Created slice system-serial\x2dgetty.slice.
[[0;32m  OK  [0m] Created slice system-serial\x2dgetty.slice.
[   33.382844] systemd[1]: Set up automount Arbitrary Executable File Formats File System Automount Point.
[[0;32m  OK  [0m] Set up automount Arbitrary Executab...ats File System Automount Point.
[   33.436586] systemd[1]: Starting Uncomplicated firewall...
         Starting Uncomplicated firewall...
[   33.471753] systemd[1]: Started Forward Password Requests to Wall Directory Watch.
[[0;32m  OK  [0m] Started Forward Password Requests to Wall Directory Watch.
[   33.604775] systemd[1]: Listening on Device-mapper event daemon FIFOs.
[[0;32m  OK  [0m] Listening on Device-mapper event daemon FIFOs.
[   34.112136] systemd[1]: Starting Monitoring of LVM2 mirrors, snapshots etc. using dmeventd or progress polling...
         Starting Monitoring of LVM2 mirrors... dmeventd or progress polling...
[   34.331631] systemd[1]: Reached target User and Group Name Lookups.
[[0;32m  OK  [0m] Reached target User and Group Name Lookups.
[   34.505867] systemd[1]: Starting Create list of required static device nodes for the current kernel...
         Starting Create list of required st... nodes for the current kernel...
[   34.575660] systemd[1]: Started Trigger resolvconf update for networkd DNS.
[[0;32m  OK  [0m] Started Trigger resolvconf update for networkd DNS.
[   34.692250] systemd[1]: Starting Nameserver information manager...
         Starting Nameserver information manager...
[   34.819605] systemd[1]: Reached target Encrypted Volumes.
[[0;32m  OK  [0m] Reached target Encrypted Volumes.
[   35.101557] systemd[1]: Listening on LVM2 poll daemon socket.
[[0;32m  OK  [0m] Listening on LVM2 poll daemon socket.
[   35.107989] systemd[1]: Mounted POSIX Message Queue File System.
[[0;32m  OK  [0m] Mounted POSIX Message Queue File System.
[   35.147630] systemd[1]: Mounted Debug File System.
[[0;32m  OK  [0m] Mounted Debug File System.
[   35.183677] systemd[1]: Mounted Huge Pages File System.
[[0;32m  OK  [0m] Mounted Huge Pages File System.
[   35.196623] systemd[1]: Started Journal Service.
[[0;32m  OK  [0m] Started Journal Service.
[[0;32m  OK  [0m] Started Set console keymap.
[[0;32m  OK  [0m] Started Remount Root and Kernel File Systems.
[[0;32m  OK  [0m] Started Load Kernel Modules.
[[0;32m  OK  [0m] Started Uncomplicated firewall.
[[0;32m  OK  [0m] Started Create list of required sta...ce nodes for the current kernel.
[[0;32m  OK  [0m] Started Nameserver information manager.
[[0;32m  OK  [0m] Started LVM2 metadata daemon.
         Starting Create Static Device Nodes in /dev...
         Mounting FUSE Control File System...
         Starting Apply Kernel Variables...
         Starting Initial cloud-init job (pre-networking)...
         Starting Load/Save Random Seed...
         Starting udev Coldplug all Devices...
         Starting Flush Journal to Persistent Storage...
[[0;32m  OK  [0m] Mounted FUSE Control File System.
[[0;32m  OK  [0m] Started Create Static Device Nodes in /dev.
[[0;32m  OK  [0m] Started Apply Kernel Variables.
[[0;32m  OK  [0m] Started Load/Save Random Seed.
[[0;32m  OK  [0m] Started Monitoring of LVM2 mirrors,...ng dmeventd or progress polling.
[[0;32m  OK  [0m] Started Flush Journal to Persistent Storage.
[[0;32m  OK  [0m] Started udev Coldplug all Devices.
         Starting udev Kernel Device Manager...
[[0;32m  OK  [0m] Started udev Kernel Device Manager.
[[0;32m  OK  [0m] Reached target Local File Systems (Pre).
[[0;32m  OK  [0m] Reached target Local File Systems.
         Starting Create Volatile Files and Directories...
         Starting Tell Plymouth To Write Out Runtime Data...
         Starting LSB: AppArmor initialization...
         Starting Set console font and keymap...
         Starting Commit a transient machine-id on disk...
[[0;32m  OK  [0m] Started Dispatch Password Requests to Console Directory Watch.
[[0;32m  OK  [0m] Started Create Volatile Files and Directories.
[[0;32m  OK  [0m] Started Tell Plymouth To Write Out Runtime Data.
[[0;32m  OK  [0m] Started Commit a transient machine-id on disk.
[[0;32m  OK  [0m] Found device /dev/ttyS0.
[[0;32m  OK  [0m] Reached target System Time Synchronized.
         Starting Update UTMP about System Boot/Shutdown...
[   21.130796] cloud-init[457]: Cloud-init v. 17.1 running 'init-local' at Wed, 20 Dec 2017 09:37:45 +0000. Up 20.30 seconds.
[[0;32m  OK  [0m] Listening on Load/Save RF Kill Switch Status /dev/rfkill Watch.
[[0;32m  OK  [0m] Started Set console font and keymap.
[[0;32m  OK  [0m] Started Update UTMP about System Boot/Shutdown.
[[0;32m  OK  [0m] Started LSB: AppArmor initialization.
[[0;32m  OK  [0m] Started Initial cloud-init job (pre-networking).
[[0;32m  OK  [0m] Reached target Network (Pre).
         Starting Raise network interfaces...
[[0;32m  OK  [0m] Created slice system-getty.slice.
[[0;32m  OK  [0m] Started Raise network interfaces.
         Starting Initial cloud-init job (metadata service crawler)...
[[0;32m  OK  [0m] Reached target Network.
[   24.021276] cloud-init[958]: Cloud-init v. 17.1 running 'init' at Wed, 20 Dec 2017 09:37:48 +0000. Up 23.32 seconds.
[   24.093375] cloud-init[958]: ci-info: ++++++++++++++++++++++++++++++++++++++Net device info++++++++++++++++++++++++++++++++++++++
[[0;32m  OK  [0m] Started Initial cloud-init job (metadata service crawler).
[   24.124234] cloud-init[958]: ci-info: +--------+-------+----------------------------+---------------+-------+-------------------+
[   24.133169] cloud-init[958]: ci-info: | Device |   Up  |          Address           |      Mask     | Scope |     Hw-Address    |
[[0;32m  OK  [0m] Reached target System Initialization.
[[0;32m  OK  [0m] Listening on UUID daemon activation socket.
[[0;32m  OK  [0m] Started Daily Cleanup of Temporary Directories.[   24.147833] cloud-init[958]: ci-info: +--------+-------+----------------------------+---------------+-------+-------------------+
[   24.154925] cloud-init[958]: ci-info: | enp0s3 |  True |         10.0.2.15          | 255.255.255.0 |   .   | 02:63:8e:2c:ef:cd |
[   24.155010] cloud-init[958]: ci-info: | enp0s3 |  True | fe80::63:8eff:fe2c:efcd/64 |       .       |  link | 02:63:8e:2c:ef:cd |
[   24.155040] cloud-init[958]: ci-info: | enp0s8 | False |             .              |       .       |   .   | 08:00:27:40:ec:75 |
[   24.155064] cloud-init[958]: ci-info: |   lo   |  True |         127.0.0.1          |   255.0.0.0   |   .   |         .         |
[   24.155097] cloud-init[958]: ci-info: |   lo   |  True |          ::1/128           |       .       |  host |         .         |
[   24.155122] cloud-init[958]: ci-info: +--------+-------+----------------------------+---------------+-------+-------------------+
[   24.155146] cloud-init[958]: ci-info: +++++++++++++++++++++++++++Route IPv4 info++++++++++++++++++++++++++++
[   24.155171] cloud-init[958]: ci-info: +-------+-------------+----------+---------------+-----------+-------+
[   24.155193] cloud-init[958]: ci-info: | Route | Destination | Gateway  |    Genmask    | Interface | Flags |
[   24.155218] cloud-init[958]: ci-info: +-------+-------------+----------+---------------+-----------+-------+
[   24.155243] cloud-init[958]: ci-info: |   0   |   0.0.0.0   | 10.0.2.2 |    0.0.0.0    |   enp0s3  |   UG  |
[   24.155268] cloud-init[958]: ci-info: |   1   |   10.0.2.0  | 0.0.0.0  | 255.255.255.0 |   enp0s3  |   U   |
[   24.155292] cloud-init[958]: ci-info: +-------+-------------+----------+---------------+-----------+-------+
[   24.155330] cloud-init[958]: Generating public/private rsa key pair.
[   24.155357] cloud-init[958]: Your identification has been saved in /etc/ssh/ssh_host_rsa_key.
[   24.155381] cloud-init[958]: Your public key has been saved in /etc/ssh/ssh_host_rsa_key.pub.
[   24.155404] cloud-init[958]: The key fingerprint is:
[   24.155435] cloud-init[958]: SHA256:SRHehlHAmaWvBpOLIjO0lUL7lFIzvOHzpBWrGswueCQ root@ubuntu-xenial
[   24.155458] cloud-init[958]: The key's randomart image is:
[   24.155481] cloud-init[958]: +---[RSA 2048]----+
[   24.155506] cloud-init[958]: |       .=Bo      |
[   24.155528] cloud-init[958]: |  .    .+*       |
[   24.155551] cloud-init[958]: | . * .  = o      |
[   24.155573] cloud-init[958]: |. + B oo +       |
[   24.155596] cloud-init[958]: | = O ++ S .      |
[   24.155618] cloud-init[958]: |E O B. + .       |
[   24.155640] cloud-init[958]: |=B.+... o        |
[   24.155663] cloud-init[958]: |+++.   .         |
[   24.155685] cloud-init[958]: |.+               |
[   24.155707] cloud-init[958]: +----[SHA256]-----+
[   24.155729] cloud-init[958]: Generating public/private dsa key pair.
[   24.155752] cloud-init[958]: Your identification has been saved in /etc/ssh/ssh_host_dsa_key.
[   24.155776] cloud-init[958]: Your public key has been saved in /etc/ssh/ssh_host_dsa_key.pub.
[   24.155799] cloud-init[958]: The key fingerprint is:
[   24.155822] cloud-init[958]: SHA256:sIWwj5keI0j2O1GANcTADspNDGJUD1GLuZl95NgrvF4 root@ubuntu-xenial
[   24.155845] cloud-init[958]: The key's randomart image is:
[   24.155867] cloud-init[958]: +---[DSA 1024]----+
[   24.155888] cloud-init[958]: |+=XO+.           |
[   24.155912] cloud-init[958]: |+o +Bo..         |
[   24.155935] cloud-init[958]: |=ooo.+o..        |
[   24.155958] cloud-init[958]: |++..*==+         |
[   24.155981] cloud-init[958]: |. .**oo+S        |
[   24.156003] cloud-init[958]: |   o+o. .        |
[   24.156029] cloud-init[958]: |   o.o E         |
[   24.156053] cloud-init[958]: |    . +          |
[   24.156075] cloud-init[958]: |    .o           |
[   24.156098] cloud-init[958]: +----[SHA256]-----+
[   24.156120] cloud-init[958]: Generating public/private ecdsa key pair.
[   24.156143] cloud-init[958]: Your identification has been saved in /etc/ssh/ssh_host_ecdsa_key.
[   24.156166] cloud-init[958]: Your public key has been saved in /etc/ssh/ssh_host_ecdsa_key.pub.
[   24.758507] cloud-init[958]: The key fingerprint is:
[   24.758551] cloud-init[958]: SHA256:hbxenhT4zQdTcLhELzAmIPznjnJRggulI/h6uZnYvio root@ubuntu-xenial
[   24.758578] cloud-init[958]: The key's randomart image is:
[   24.758603] cloud-init[958]: +---[ECDSA 256]---+
[   24.758626] cloud-init[958]: |   .. ... +.ooo  |
[   24.758649] cloud-init[958]: |    o. . = oo+   |
[   24.758672] cloud-init[958]: |.  o o  + o.+..  |
[   24.758729] cloud-init[958]: |o + . o o+ +.+   |
[   24.758757] cloud-init[958]: | o o . =S + o .  |
[   24.758790] cloud-init[958]: |  . . ...+ . .   |
[   24.758820] cloud-init[958]: | . .   +. o      |
[   24.758846] cloud-init[958]: |Eooo. o .        |
[   24.758871] cloud-init[958]: |++Bo o           |
[   24.758901] cloud-init[958]: +----[SHA256]-----+
[   24.758924] cloud-init[958]: Generating public/private ed25519 key pair.
[   24.758948] cloud-init[958]: Your identification has been saved in /etc/ssh/ssh_host_ed25519_key.
[   24.758971] cloud-init[958]: Your public key has been saved in /etc/ssh/ssh_host_ed25519_key.pub.
[   24.758995] cloud-init[958]: The key fingerprint is:
[   24.759019] cloud-init[958]: SHA256:GgisAlSr5dvHrj30gMmlXcRWFUf5TpIjclBlhvW6UsE root@ubuntu-xenial
[   24.759042] cloud-init[958]: The key's randomart image is:
[   24.759065] cloud-init[958]: +--[ED25519 256]--+
[   24.759089] cloud-init[958]: | ...    . .oo*Bo.|
[   24.759112] cloud-init[958]: |..  .    +. .+.o |
[   24.759136] cloud-init[958]: |. oo    o  .  E.o|
[   24.759158] cloud-init[958]: |..+. . . .. o +oo|
[   24.759187] cloud-init[958]: |o. .o B S  o .o= |
[   24.759217] cloud-init[958]: |.   o=.*     . ..|
[   24.759240] cloud-init[958]: |   . .ooo   . .  |
[   24.759263] cloud-init[958]: |      +. .   .   |
[   24.759425] cloud-init[958]: |     ..o.        |
[   24.759453] cloud-init[958]: +----[SHA256]-----+

[[0;32m  OK  [0m] Started ACPI Events Check.
[[0;32m  OK  [0m] Reached target Paths.
[[0;32m  OK  [0m] Started Timer to automatically refresh installed snaps.
[[0;32m  OK  [0m] Listening on D-Bus System Message Bus Socket.
         Starting Socket activation for snappy daemon.
         Starting LXD - unix socket.
[[0;32m  OK  [0m] Listening on ACPID Listen Socket.
[[0;32m  OK  [0m] Reached target Network is Online.
         Starting iSCSI initiator daemon (iscsid)...
[[0;32m  OK  [0m] Started Daily apt download activities.
[[0;32m  OK  [0m] Started Daily apt upgrade and clean activities.
[[0;32m  OK  [0m] Reached target Timers.
[[0;32m  OK  [0m] Reached target Cloud-config availability.
[[0;32m  OK  [0m] Listening on Socket activation for snappy daemon.
[[0;32m  OK  [0m] Listening on LXD - unix socket.
[[0;32m  OK  [0m] Started iSCSI initiator daemon (iscsid).
         Starting Login to default iSCSI targets...
[[0;32m  OK  [0m] Reached target Sockets.
[[0;32m  OK  [0m] Reached target Basic System.
[[0;32m  OK  [0m] Started ACPI event daemon.
         Starting System Logging Service...
         Starting LSB: MD monitoring daemon...
         Starting Pollinate to seed the pseudo random number generator...
         Starting LXD - container startup/shutdown...
         Starting /etc/rc.local Compatibility...
         Starting Accounts Service...
[[0;32m  OK  [0m] Started Regular background program processing daemon.
         Starting Login Service...
         Starting LSB: Record successful boot for GRUB...
         Starting Apply the settings specified in cloud-config...
[[0;32m  OK  [0m] Started Unattended Upgrades Shutdown.
[[0;32m  OK  [0m] Started D-Bus System Message Bus.
[[0;32m  OK  [0m] Started Deferred execution scheduler.
[[0;32m  OK  [0m] Started FUSE filesystem for LXC.
         Starting Snappy daemon...
[[0;32m  OK  [0m] Started System Logging Service.
[[0;32m  OK  [0m] Started LXD - container startup/shutdown.
[[0;32m  OK  [0m] Started /etc/rc.local Compatibility.
[[0;32m  OK  [0m] Started Login to default iSCSI targets.
[[0;32m  OK  [0m] Started LSB: MD monitoring daemon.
[[0;32m  OK  [0m] Started Snappy daemon.
[[0;32m  OK  [0m] Started LSB: Record successful boot for GRUB.
[[0;32m  OK  [0m] Started Login Service.
         Starting Authenticate and Authorize Users to Run Privileged Tasks...
[[0;32m  OK  [0m] Reached target Remote File Systems (Pre).
[[0;32m  OK  [0m] Reached target Remote File Systems.
         Starting Permit User Sessions...
         Starting LSB: daemon to balance interrupts for SMP systems...
         Starting LSB: Set the CPU Frequency Scaling governor to "ondemand"...
         Starting LSB: automatic crash report generation...
         Starting LSB: VirtualBox Linux Additions...
[[0;32m  OK  [0m] Started Permit User Sessions.
[[0;32m  OK  [0m] Started Authenticate and Authorize Users to Run Privileged Tasks.
[[0;32m  OK  [0m] Started Accounts Service.
         Starting Terminate Plymouth Boot Screen...
         Starting Hold until boot process finishes up...
[[0;32m  OK  [0m] Started LSB: daemon to balance interrupts for SMP systems.
[[0;32m  OK  [0m] Started LSB: Set the CPU Frequency Scaling governor to "ondemand".
[[0;32m  OK  [0m] Started LSB: automatic crash report generation.
[[0;32m  OK  [0m] Started LSB: VirtualBox Linux Additions.
[[0;32m  OK  [0m] Started Terminate Plymouth Boot Screen.
[[0;32m  OK  [0m] Started Hold until boot process finishes up.
[[0;32m  OK  [0m] Started Serial Getty on ttyS0.
[[0;32m  OK  [0m] Started Getty on tty1.
[[0;32m  OK  [0m] Reached target Login Prompts.
         Starting Set console scheme...
[[0;32m  OK  [0m] Started Set console scheme.
[   26.806712] cloud-init[1138]: Generating locales (this might take a while)...
[[0;32m  OK  [0m] Started Pollinate to seed the pseudo random number generator.
         Starting OpenBSD Secure Shell server...
[[0;32m  OK  [0m] Started OpenBSD Secure Shell server.
[[0;32m  OK  [0m] Reached target Multi-User System.
[[0;32m  OK  [0m] Reached target Graphical Interface.
         Starting Update UTMP about System Runlevel Changes...
[[0;32m  OK  [0m] Started Update UTMP about System Runlevel Changes.
[   27.808834] cloud-init[1138]:   en_US.UTF-8... done
[   27.812061] cloud-init[1138]: Generation complete.
         Stopping OpenBSD Secure Shell server...
[[0;32m  OK  [0m] Stopped OpenBSD Secure Shell server.
         Starting OpenBSD Secure Shell server...
[[0;32m  OK  [0m] Started OpenBSD Secure Shell server.
[[0;32m  OK  [0m] Created slice User Slice of ubuntu.
         Starting User Manager for UID 1000...
[[0;32m  OK  [0m] Started User Manager for UID 1000.
[[0;32m  OK  [0m] Started Session 1 of user ubuntu.
[   28.478918] cloud-init[1138]: Cloud-init v. 17.1 running 'modules:config' at Wed, 20 Dec 2017 09:37:51 +0000. Up 26.57 seconds.
[[0;32m  OK  [0m] Started Apply the settings specified in cloud-config.
         Starting Execute cloud user/final scripts...
ci-info: no authorized ssh keys fingerprints found for user ubuntu.
<14>Dec 20 09:37:54 ec2: 
<14>Dec 20 09:37:54 ec2: #############################################################
<14>Dec 20 09:37:54 ec2: -----BEGIN SSH HOST KEY FINGERPRINTS-----
<14>Dec 20 09:37:54 ec2: 1024 SHA256:sIWwj5keI0j2O1GANcTADspNDGJUD1GLuZl95NgrvF4 root@ubuntu-xenial (DSA)
<14>Dec 20 09:37:54 ec2: 256 SHA256:hbxenhT4zQdTcLhELzAmIPznjnJRggulI/h6uZnYvio root@ubuntu-xenial (ECDSA)
<14>Dec 20 09:37:54 ec2: 256 SHA256:GgisAlSr5dvHrj30gMmlXcRWFUf5TpIjclBlhvW6UsE root@ubuntu-xenial (ED25519)
<14>Dec 20 09:37:54 ec2: 2048 SHA256:SRHehlHAmaWvBpOLIjO0lUL7lFIzvOHzpBWrGswueCQ root@ubuntu-xenial (RSA)
<14>Dec 20 09:37:54 ec2: -----END SSH HOST KEY FINGERPRINTS-----
<14>Dec 20 09:37:54 ec2: #############################################################
-----BEGIN SSH HOST KEY KEYS-----
ecdsa-sha2-nistp256 AAAAE2VjZHNhLXNoYTItbmlzdHAyNTYAAAAIbmlzdHAyNTYAAABBBEFcu8Tu0UzG7rQRDmrmcmLn9COYaiR9Lsg/E6hzQrkNmG6I2Jbqg54EiSPMZzzBgY58cpW1v7e16HuH0D8a8eY= root@ubuntu-xenial
ssh-ed25519 AAAAC3NzaC1lZDI1NTE5AAAAIAAAVSH8dCY54nEdLR6xbJfQQyX+VRXYlI7JdeFEv73C root@ubuntu-xenial
ssh-rsa AAAAB3NzaC1yc2EAAAADAQABAAABAQDKe9VZM+mia1pVNL3/ZATfkxtVGpN+4MzvY7hdVBjwREZrIfWTesVU/FNjofXhv0FhKlsU4L4chYHsMzgN8ekFS5tAdUB8YgoWWHw3XHQGluA/1QOkWvBlpMg521KWAG9Vb2GgVaeVTbDbSYzi3blPxJ9S84aKOUgdABDLvNyaKq0PKe76tdyXToic4fhUgmyzVgiMLWyvNpEYR2S/njisNTlKtTUvrFjmvn0xSt/0+dc6UylOVx2xh4ovnoL89dVrcpDbcfYZaqc62n8Ol99wXCdOIYgm7nRlO7QNtdOA2lSa5MTMTSajScJxeulMpyaZpwF24v7uBEGAy4LO6QQR root@ubuntu-xenial
-----END SSH HOST KEY KEYS-----
[   29.886872] cloud-init[1406]: Cloud-init v. 17.1 running 'modules:final' at Wed, 20 Dec 2017 09:37:54 +0000. Up 29.23 seconds.
[   29.914962] cloud-init[1406]: ci-info: no authorized ssh keys fingerprints found for user ubuntu.
[   30.004781] cloud-init[1406]: Cloud-init v. 17.1 finished at Wed, 20 Dec 2017 09:37:54 +0000. Datasource DataSourceNoCloud [seed=/dev/sdb][dsmode=net].  Up 29.88 seconds
[[0;32m  OK  [0m] Started Execute cloud user/final scripts.
[[0;32m  OK  [0m] Reached target Cloud-init target.

Ubuntu 16.04.3 LTS ubuntu-xenial ttyS0

ubuntu-xenial login: 